12/6/2020 23:43:6 : INFO: [Pool@teeshope] STARTING teeshope ...
12/6/2020 23:43:6 : INFO: [Pool@teeshope] Checking 'waitForConnectionIfDatabaseIsDown' rule  ...
12/6/2020 23:43:6 : INFO: [Pool@teeshope] config item : logLevel='info,warn,error,crisis'
12/6/2020 23:43:6 : INFO: [Pool@teeshope] config item : poolName='teeshope'
12/6/2020 23:43:6 : INFO: [Pool@teeshope] config item : numberOfConnectionsToInitializeWith='1'
12/6/2020 23:43:6 : INFO: [Pool@teeshope] config item : waitForConnectionIfDatabaseIsDown='true'
12/6/2020 23:43:6 : INFO: [Pool@teeshope] config item : connectionTransactionIsolation='-1'
12/6/2020 23:43:6 : INFO: [Pool@teeshope] config item : checkSQL='null'
12/6/2020 23:43:6 : INFO: [Pool@teeshope] config item : failoverPool='null'
12/6/2020 23:43:6 : INFO: [Pool@teeshope] config item : runPooledMode='true'
12/6/2020 23:43:6 : INFO: [Pool@teeshope] config item : base='90'
12/6/2020 23:43:6 : INFO: [Pool@teeshope] config item : log='log/${yyyy-MM-dd}.log'
12/6/2020 23:43:6 : INFO: [Pool@teeshope] config item : idleTime='300000'
12/6/2020 23:43:6 : INFO: [Pool@teeshope] config item : driverURL='jdbc:mysql://localhost:3306/wordpress?useUnicode=true&characterEncoding=utf-8'
12/6/2020 23:43:6 : INFO: [Pool@teeshope] config item : emailEvents='null'
12/6/2020 23:43:6 : INFO: [Pool@teeshope] config item : adminEmail='null'
12/6/2020 23:43:6 : INFO: [Pool@teeshope] config item : driverClass='com.mysql.jdbc.Driver'
12/6/2020 23:43:6 : INFO: [Pool@teeshope] config item : smtpMailExchangeServerPort='25'
12/6/2020 23:43:6 : INFO: [Pool@teeshope] config item : killActiveConnectionsOverAge='120000'
12/6/2020 23:43:6 : INFO: [Pool@teeshope] config item : dumpConnectionOnSQLException='true'
12/6/2020 23:43:6 : INFO: [Pool@teeshope] config item : onExceptionCheckSQL='null'
12/6/2020 23:43:6 : INFO: [Pool@teeshope] config item : cycleConnections='1000'
12/6/2020 23:43:6 : INFO: [Pool@teeshope] config item : encryptionFileKey='null'
12/6/2020 23:43:6 : INFO: [Pool@teeshope] config item : queueConnectionRequests='true'
12/6/2020 23:43:6 : INFO: [Pool@teeshope] config item : smtpMailExchangeServer='null'
12/6/2020 23:43:6 : INFO: [Pool@teeshope] config item : connectionAutoCommit='true'
12/6/2020 23:43:7 : INFO: [Pool@teeshope] start() cmpool version 3.0.15, release date 29-April-2010
12/6/2020 23:43:7 : INFO: [Pool@teeshope] start() JDBC Driver Name: MySQL-AB JDBC Driver
12/6/2020 23:43:7 : INFO: [Pool@teeshope] start() JDBC Driver Version: mysql-connector-java-5.1.15 ( Revision: ${bzr.revision-id} )
12/6/2020 23:43:7 : INFO: [Pool@teeshope] start() Starting new pool monitor.
12/6/2020 23:43:7 : INFO: [Pool@teeshope] start() Load complete.
12/6/2020 23:43:12 : INFO: [Pool@teeshope] stop() Stopping pool with force=true ...
12/6/2020 23:43:12 : INFO: [Pool@teeshope] stop() Shutting down pool monitor.
12/6/2020 23:43:12 : INFO: [Pool@teeshope] stop() Stop Complete.
